{"/Users/yoreirei/Documents/demo/node/koa-test/test/index.js":{"path":"/Users/yoreirei/Documents/demo/node/koa-test/test/index.js","s":{"1":1,"2":0,"3":0,"4":0,"5":0,"6":1,"7":0,"8":1},"b":{"1":[0,0]},"f":{},"fnMap":{},"statementMap":{"1":{"start":{"line":1,"column":0},"end":{"line":4,"column":2}},"2":{"start":{"line":2,"column":2},"end":{"line":2,"column":28}},"3":{"start":{"line":2,"column":19},"end":{"line":2,"column":28}},"4":{"start":{"line":3,"column":2},"end":{"line":3,"column":45}},"5":{"start":{"line":3,"column":34},"end":{"line":3,"column":43}},"6":{"start":{"line":6,"column":0},"end":{"line":11,"column":1}},"7":{"start":{"line":7,"column":2},"end":{"line":10,"column":3}},"8":{"start":{"line":13,"column":0},"end":{"line":16,"column":1}}},"branchMap":{"1":{"line":2,"type":"if","locations":[{"start":{"line":2,"column":2},"end":{"line":2,"column":2}},{"start":{"line":2,"column":2},"end":{"line":2,"column":2}}]}}}}